2023-11-21T14:22:37.470+09:00  INFO 19624 --- [main] c.example.lifeplus.LifeplusApplication   : Starting LifeplusApplication using Java 17.0.8 with PID 19624 (C:\Users\Recorvery\Desktop\Workspace\lifeplus\build\classes\java\main started by Recorvery in C:\Users\Recorvery\Desktop\Workspace\lifeplus)
2023-11-21T14:22:37.487+09:00  INFO 19624 --- [main] c.example.lifeplus.LifeplusApplication   : No active profile set, falling back to 1 default profile: "default"
2023-11-21T14:22:39.191+09:00  INFO 19624 --- [main] .s.d.r.c.RepositoryConfigurationDelegate : Multiple Spring Data modules found, entering strict repository configuration mode
2023-11-21T14:22:39.194+09:00  INFO 19624 --- [main] .s.d.r.c.RepositoryConfigurationDelegate : Bootstrapping Spring Data MongoDB repositories in DEFAULT mode.
2023-11-21T14:22:39.323+09:00  INFO 19624 --- [main] .s.d.r.c.RepositoryConfigurationDelegate : Finished Spring Data repository scanning in 118 ms. Found 2 MongoDB repository interfaces.
2023-11-21T14:22:40.340+09:00  INFO 19624 --- [main] o.s.b.w.embedded.tomcat.TomcatWebServer  : Tomcat initialized with port(s): 8080 (http)
2023-11-21T14:22:40.361+09:00  INFO 19624 --- [main] o.apache.catalina.core.StandardService   : Starting service [Tomcat]
2023-11-21T14:22:40.361+09:00  INFO 19624 --- [main] o.apache.catalina.core.StandardEngine    : Starting Servlet engine: [Apache Tomcat/10.1.15]
2023-11-21T14:22:40.607+09:00  INFO 19624 --- [main] o.a.c.c.C.[Tomcat].[localhost].[/]       : Initializing Spring embedded WebApplicationContext
2023-11-21T14:22:40.607+09:00  INFO 19624 --- [main] w.s.c.ServletWebServerApplicationContext : Root WebApplicationContext: initialization completed in 2993 ms
2023-11-21T14:22:41.535+09:00  INFO 19624 --- [main] org.mongodb.driver.client                : MongoClient with metadata {"driver": {"name": "mongo-java-driver|sync|spring-boot", "version": "4.9.1"}, "os": {"type": "Windows", "name": "Windows 10", "architecture": "amd64", "version": "10.0"}, "platform": "Java/Oracle Corporation/17.0.8+9-LTS-211"} created with settings MongoClientSettings{readPreference=primary, writeConcern=WriteConcern{w=null, wTimeout=null ms, journal=null}, retryWrites=true, retryReads=true, readConcern=ReadConcern{level=null}, credential=null, streamFactoryFactory=null, commandListeners=[], codecRegistry=ProvidersCodecRegistry{codecProviders=[ValueCodecProvider{}, BsonValueCodecProvider{}, DBRefCodecProvider{}, DBObjectCodecProvider{}, DocumentCodecProvider{}, CollectionCodecProvider{}, IterableCodecProvider{}, MapCodecProvider{}, GeoJsonCodecProvider{}, GridFSFileCodecProvider{}, Jsr310CodecProvider{}, JsonObjectCodecProvider{}, BsonCodecProvider{}, EnumCodecProvider{}, com.mongodb.client.model.mql.ExpressionCodecProvider@58fd1214, com.mongodb.Jep395RecordCodecProvider@7d8cf9ac]}, loggerSettings=LoggerSettings{maxDocumentLength=1000}, clusterSettings={hosts=[3.34.47.106:27017], srvServiceName=mongodb, mode=SINGLE, requiredClusterType=UNKNOWN, requiredReplicaSetName='null', serverSelector='null', clusterListeners='[]', serverSelectionTimeout='30000 ms', localThreshold='30000 ms'}, socketSettings=SocketSettings{connectTimeoutMS=10000, readTimeoutMS=0, receiveBufferSize=0, sendBufferSize=0}, heartbeatSocketSettings=SocketSettings{connectTimeoutMS=10000, readTimeoutMS=10000, receiveBufferSize=0, sendBufferSize=0}, connectionPoolSettings=ConnectionPoolSettings{maxSize=100, minSize=0, maxWaitTimeMS=120000, maxConnectionLifeTimeMS=0, maxConnectionIdleTimeMS=0, maintenanceInitialDelayMS=0, maintenanceFrequencyMS=60000, connectionPoolListeners=[], maxConnecting=2}, serverSettings=ServerSettings{heartbeatFrequencyMS=10000, minHeartbeatFrequencyMS=500, serverListeners='[]', serverMonitorListeners='[]'}, sslSettings=SslSettings{enabled=false, invalidHostNameAllowed=false, context=null}, applicationName='null', compressorList=[], uuidRepresentation=JAVA_LEGACY, serverApi=null, autoEncryptionSettings=null, contextProvider=null}
2023-11-21T14:22:41.698+09:00  INFO 19624 --- [cluster-ClusterId{value='655c3ea12918864fd957bdf8', description='null'}-3.34.47.106:27017] org.mongodb.driver.cluster               : Monitor thread successfully connected to server with description ServerDescription{address=3.34.47.106:27017, type=STANDALONE, state=CONNECTED, ok=true, minWireVersion=0, maxWireVersion=21, maxDocumentSize=16777216, logicalSessionTimeoutMinutes=30, roundTripTimeNanos=268316800}
2023-11-21T14:22:44.791+09:00  INFO 19624 --- [main] o.s.b.a.w.s.WelcomePageHandlerMapping    : Adding welcome page: class path resource [static/index.html]
2023-11-21T14:22:45.013+09:00  INFO 19624 --- [main] o.s.s.web.DefaultSecurityFilterChain     : Will secure any request with [org.springframework.security.web.session.DisableEncodeUrlFilter@54997f67, org.springframework.security.web.context.request.async.WebAsyncManagerIntegrationFilter@bf4e48e, org.springframework.security.web.context.SecurityContextHolderFilter@77cc6a28, org.springframework.security.web.header.HeaderWriterFilter@7a30e30b, org.springframework.security.web.authentication.logout.LogoutFilter@1eb6037d, com.example.lifeplus.jwt.JwtFilter@299eca90, org.springframework.security.web.savedrequest.RequestCacheAwareFilter@1d556461, org.springframework.security.web.servletapi.SecurityContextHolderAwareRequestFilter@6f65aa58, org.springframework.security.web.authentication.AnonymousAuthenticationFilter@189633f2, org.springframework.security.web.session.SessionManagementFilter@e6e5da4, org.springframework.security.web.access.ExceptionTranslationFilter@45eacb70, org.springframework.security.web.access.intercept.AuthorizationFilter@7a78d380]
2023-11-21T14:22:45.292+09:00  INFO 19624 --- [main] o.s.b.w.embedded.tomcat.TomcatWebServer  : Tomcat started on port(s): 8080 (http) with context path ''
2023-11-21T14:22:45.306+09:00  INFO 19624 --- [main] c.example.lifeplus.LifeplusApplication   : Started LifeplusApplication in 8.866 seconds (process running for 11.463)
2023-11-21T14:23:15.305+09:00  INFO 19624 --- [http-nio-8080-exec-2] o.a.c.c.C.[Tomcat].[localhost].[/]       : Initializing Spring DispatcherServlet 'dispatcherServlet'
2023-11-21T14:23:15.305+09:00  INFO 19624 --- [http-nio-8080-exec-2] o.s.web.servlet.DispatcherServlet        : Initializing Servlet 'dispatcherServlet'
2023-11-21T14:23:15.307+09:00  INFO 19624 --- [http-nio-8080-exec-2] o.s.web.servlet.DispatcherServlet        : Completed initialization in 1 ms
2023-11-21T14:23:15.402+09:00  INFO 19624 --- [http-nio-8080-exec-1] c.e.lifeplus.service.WeatherService      : -2242
2023-11-21T14:23:15.403+09:00  INFO 19624 --- [http-nio-8080-exec-1] c.e.lifeplus.service.WeatherService      : 1509
2023-11-21T14:23:15.404+09:00  INFO 19624 --- [http-nio-8080-exec-1] c.e.lifeplus.service.WeatherService      : 20231121
2023-11-21T14:23:15.404+09:00  INFO 19624 --- [http-nio-8080-exec-1] c.e.lifeplus.service.WeatherService      : 13
2023-11-21T14:23:16.221+09:00  INFO 19624 --- [http-nio-8080-exec-5] c.e.lifeplus.service.WeatherService      : 97
2023-11-21T14:23:16.221+09:00  INFO 19624 --- [http-nio-8080-exec-5] c.e.lifeplus.service.WeatherService      : 75
2023-11-21T14:23:16.221+09:00  INFO 19624 --- [http-nio-8080-exec-5] c.e.lifeplus.service.WeatherService      : 20231121
2023-11-21T14:23:16.222+09:00  INFO 19624 --- [http-nio-8080-exec-5] c.e.lifeplus.service.WeatherService      : 13
2023-11-21T14:23:33.576+09:00  INFO 19624 --- [http-nio-8080-exec-6] c.e.lifeplus.service.WeatherService      : -2242
2023-11-21T14:23:33.577+09:00  INFO 19624 --- [http-nio-8080-exec-6] c.e.lifeplus.service.WeatherService      : 1509
2023-11-21T14:23:33.578+09:00  INFO 19624 --- [http-nio-8080-exec-6] c.e.lifeplus.service.WeatherService      : 20231121
2023-11-21T14:23:33.578+09:00  INFO 19624 --- [http-nio-8080-exec-6] c.e.lifeplus.service.WeatherService      : 13
2023-11-21T14:23:33.903+09:00  INFO 19624 --- [http-nio-8080-exec-10] c.e.lifeplus.service.WeatherService      : 98
2023-11-21T14:23:33.905+09:00  INFO 19624 --- [http-nio-8080-exec-10] c.e.lifeplus.service.WeatherService      : 75
2023-11-21T14:23:33.905+09:00  INFO 19624 --- [http-nio-8080-exec-10] c.e.lifeplus.service.WeatherService      : 20231121
2023-11-21T14:23:33.905+09:00  INFO 19624 --- [http-nio-8080-exec-10] c.e.lifeplus.service.WeatherService      : 13
2023-11-21T14:23:53.482+09:00  INFO 19624 --- [http-nio-8080-exec-3] c.e.lifeplus.service.WeatherService      : -2242
2023-11-21T14:23:53.483+09:00  INFO 19624 --- [http-nio-8080-exec-3] c.e.lifeplus.service.WeatherService      : 1509
2023-11-21T14:23:53.483+09:00  INFO 19624 --- [http-nio-8080-exec-3] c.e.lifeplus.service.WeatherService      : 20231121
2023-11-21T14:23:53.483+09:00  INFO 19624 --- [http-nio-8080-exec-3] c.e.lifeplus.service.WeatherService      : 13
2023-11-21T14:23:53.800+09:00  INFO 19624 --- [http-nio-8080-exec-5] c.e.lifeplus.service.WeatherService      : 98
2023-11-21T14:23:53.800+09:00  INFO 19624 --- [http-nio-8080-exec-5] c.e.lifeplus.service.WeatherService      : 75
2023-11-21T14:23:53.800+09:00  INFO 19624 --- [http-nio-8080-exec-5] c.e.lifeplus.service.WeatherService      : 20231121
2023-11-21T14:23:53.800+09:00  INFO 19624 --- [http-nio-8080-exec-5] c.e.lifeplus.service.WeatherService      : 13
